[INFO] Scanning for projects...
[INFO] 
[INFO] -------------------------< com.example:Stocks >-------------------------
[INFO] Building Stocks 0.0.1-SNAPSHOT
[INFO]   from pom.xml
[INFO] --------------------------------[ jar ]---------------------------------
[INFO] 
[INFO] >>> spring-boot:3.5.0:run (default-cli) > test-compile @ Stocks >>>
[INFO] 
[INFO] --- resources:3.3.1:resources (default-resources) @ Stocks ---
[INFO] Copying 1 resource from src\main\resources to target\classes
[INFO] Copying 0 resource from src\main\resources to target\classes
[INFO] 
[INFO] --- compiler:3.14.0:compile (default-compile) @ Stocks ---
[INFO] Nothing to compile - all classes are up to date.
[INFO] 
[INFO] --- resources:3.3.1:testResources (default-testResources) @ Stocks ---
[INFO] skip non existing resourceDirectory C:\Users\DELL\IdeaProjects\Stocks\src\test\resources
[INFO] 
[INFO] --- compiler:3.14.0:testCompile (default-testCompile) @ Stocks ---
[INFO] Nothing to compile - all classes are up to date.
[INFO] 
[INFO] <<< spring-boot:3.5.0:run (default-cli) < test-compile @ Stocks <<<
[INFO] 
[INFO] 
[INFO] --- spring-boot:3.5.0:run (default-cli) @ Stocks ---
[INFO] Attaching agents: []

  .   ____          _            __ _ _
 /\\ / ___'_ __ _ _(_)_ __  __ _ \ \ \ \
( ( )\___ | '_ | '_| | '_ \/ _` | \ \ \ \
 \\/  ___)| |_)| | | | | || (_| |  ) ) ) )
  '  |____| .__|_| |_|_| |_\__, | / / / /
 =========|_|==============|___/=/_/_/_/

 :: Spring Boot ::                (v3.5.0)

2026-05-04T18:46:16.100+03:00  INFO 17544 --- [Stocks] [           main] com.example.stocks.StocksApplication     : Starting StocksApplication using Java 17.0.10 with PID 17544 (C:\Users\DELL\IdeaProjects\Stocks\target\classes started by DELL in C:\Users\DELL\IdeaProjects\Stocks)
2026-05-04T18:46:16.104+03:00  INFO 17544 --- [Stocks] [           main] com.example.stocks.StocksApplication     : No active profile set, falling back to 1 default profile: "default"
2026-05-04T18:46:17.160+03:00  INFO 17544 --- [Stocks] [           main] o.s.b.w.embedded.tomcat.TomcatWebServer  : Tomcat initialized with port 8081 (http)
2026-05-04T18:46:17.182+03:00  INFO 17544 --- [Stocks] [           main] o.apache.catalina.core.StandardService   : Starting service [Tomcat]
2026-05-04T18:46:17.184+03:00  INFO 17544 --- [Stocks] [           main] o.apache.catalina.core.StandardEngine    : Starting Servlet engine: [Apache Tomcat/10.1.41]
2026-05-04T18:46:17.237+03:00  INFO 17544 --- [Stocks] [           main] o.a.c.c.C.[Tomcat].[localhost].[/]       : Initializing Spring embedded WebApplicationContext
2026-05-04T18:46:17.239+03:00  INFO 17544 --- [Stocks] [           main] w.s.c.ServletWebServerApplicationContext : Root WebApplicationContext: initialization completed in 1069 ms
2026-05-04T18:46:17.676+03:00  INFO 17544 --- [Stocks] [           main] o.s.b.w.embedded.tomcat.TomcatWebServer  : Tomcat started on port 8081 (http) with context path '/'
2026-05-04T18:46:17.684+03:00  INFO 17544 --- [Stocks] [           main] com.example.stocks.StocksApplication     : Started StocksApplication in 2.286 seconds (process running for 2.771)
2026-05-04T18:46:47.082+03:00  INFO 17544 --- [Stocks] [nio-8081-exec-1] o.a.c.c.C.[Tomcat].[localhost].[/]       : Initializing Spring DispatcherServlet 'dispatcherServlet'
2026-05-04T18:46:47.083+03:00  INFO 17544 --- [Stocks] [nio-8081-exec-1] o.s.web.servlet.DispatcherServlet        : Initializing Servlet 'dispatcherServlet'
2026-05-04T18:46:47.083+03:00  INFO 17544 --- [Stocks] [nio-8081-exec-1] o.s.web.servlet.DispatcherServlet        : Completed initialization in 0 ms
